TN:
SF:server/app.js
FN:14,(anonymous_0)
FN:16,(anonymous_1)
FN:25,(anonymous_2)
FN:31,(anonymous_3)
FNF:4
FNH:4
FNDA:2,(anonymous_0)
FNDA:2,(anonymous_1)
FNDA:1,(anonymous_2)
FNDA:1,(anonymous_3)
DA:1,1
DA:2,1
DA:3,1
DA:4,1
DA:5,1
DA:7,1
DA:9,1
DA:10,1
DA:11,1
DA:12,1
DA:14,1
DA:15,2
DA:16,2
DA:17,2
DA:18,0
DA:20,2
DA:25,1
DA:26,1
DA:27,1
DA:28,1
DA:32,1
DA:33,0
DA:35,1
DA:40,1
LF:24
LH:22
BRDA:17,0,0,0
BRDA:17,0,1,2
BRDA:32,1,0,0
BRDA:32,1,1,1
BRF:4
BRH:2
end_of_record
TN:
SF:server/database/Camp.js
FNF:0
FNH:0
DA:1,1
DA:2,1
DA:4,1
DA:21,1
DA:22,1
LF:5
LH:5
BRF:0
BRH:0
end_of_record
